Started GET "/" for 127.0.0.1 at 2018-05-30 15:38:49 +0300
  [1m[35m (4.2ms)[0m  [1m[34mSELECT "schema_migrations"."version" FROM "schema_migrations" ORDER BY "schema_migrations"."version" ASC[0m
  ↳ /home/itokiana/.rbenv/versions/2.5.0/lib/ruby/gems/2.5.0/gems/activerecord-5.2.0/lib/active_record/log_subscriber.rb:98
Processing by HomeController#index as HTML
  Rendering home/index.html.erb within layouts/application
  [1m[36mItem Load (8.1ms)[0m  [1m[34mSELECT "items".* FROM "items"[0m
  ↳ app/views/home/index.html.erb:306
  Rendered home/index.html.erb within layouts/application (1214.3ms)
  Rendered layouts/_nav.html.erb (3.0ms)
  Rendered layouts/_footer.html.erb (1.3ms)
Completed 200 OK in 1858ms (Views: 1723.3ms | ActiveRecord: 35.1ms)


Started GET "/items/1" for 127.0.0.1 at 2018-05-30 15:39:25 +0300
Processing by HomeController#show as HTML
  Parameters: {"id"=>"1"}
  [1m[36mItem Load (3.2ms)[0m  [1m[34mSELECT  "items".* FROM "items" WHERE "items"."id" = $1 LIMIT $2[0m  [["id", 1], ["LIMIT", 1]]
  ↳ app/controllers/home_controller.rb:21
  Rendering home/show.html.erb within layouts/application
  Rendered home/show.html.erb within layouts/application (18.7ms)
  Rendered layouts/_nav.html.erb (5.2ms)
  Rendered layouts/_footer.html.erb (1.4ms)
Completed 200 OK in 310ms (Views: 165.6ms | ActiveRecord: 3.7ms)


Started GET "/users/sign_in" for 127.0.0.1 at 2018-05-30 15:39:38 +0300
Processing by Devise::SessionsController#new as HTML
  Rendering devise/sessions/new.html.erb within layouts/application
  Rendered devise/shared/_links.html.erb (3.6ms)
  Rendered devise/shared/_links.html.erb (0.8ms)
  Rendered devise/sessions/new.html.erb within layouts/application (81.7ms)
  Rendered layouts/_nav.html.erb (5.7ms)
  Rendered layouts/_footer.html.erb (2.5ms)
Completed 200 OK in 333ms (Views: 249.9ms | ActiveRecord: 24.1ms)


Started GET "/users/shoping-cart.html" for 127.0.0.1 at 2018-05-30 15:39:54 +0300
  
ActionController::RoutingError (No route matches [GET] "/users/shoping-cart.html"):
  
actionpack (5.2.0) lib/action_dispatch/middleware/debug_exceptions.rb:65:in `call'
web-console (3.6.2) lib/web_console/middleware.rb:135:in `call_app'
web-console (3.6.2) lib/web_console/middleware.rb:30:in `block in call'
web-console (3.6.2) lib/web_console/middleware.rb:20:in `catch'
web-console (3.6.2) lib/web_console/middleware.rb:20:in `call'
actionpack (5.2.0) lib/action_dispatch/middleware/show_exceptions.rb:33:in `call'
railties (5.2.0) lib/rails/rack/logger.rb:38:in `call_app'
railties (5.2.0) lib/rails/rack/logger.rb:26:in `block in call'
activesupport (5.2.0) lib/active_support/tagged_logging.rb:71:in `block in tagged'
activesupport (5.2.0) lib/active_support/tagged_logging.rb:28:in `tagged'
activesupport (5.2.0) lib/active_support/tagged_logging.rb:71:in `tagged'
railties (5.2.0) lib/rails/rack/logger.rb:26:in `call'
sprockets-rails (3.2.1) lib/sprockets/rails/quiet_assets.rb:13:in `call'
actionpack (5.2.0) lib/action_dispatch/middleware/remote_ip.rb:81:in `call'
actionpack (5.2.0) lib/action_dispatch/middleware/request_id.rb:27:in `call'
rack (2.0.5) lib/rack/method_override.rb:22:in `call'
rack (2.0.5) lib/rack/runtime.rb:22:in `call'
activesupport (5.2.0) lib/active_support/cache/strategy/local_cache_middleware.rb:29:in `call'
actionpack (5.2.0) lib/action_dispatch/middleware/executor.rb:14:in `call'
actionpack (5.2.0) lib/action_dispatch/middleware/static.rb:127:in `call'
rack (2.0.5) lib/rack/sendfile.rb:111:in `call'
railties (5.2.0) lib/rails/engine.rb:524:in `call'
puma (3.11.4) lib/puma/configuration.rb:225:in `call'
puma (3.11.4) lib/puma/server.rb:632:in `handle_request'
puma (3.11.4) lib/puma/server.rb:446:in `process_client'
puma (3.11.4) lib/puma/server.rb:306:in `block in run'
puma (3.11.4) lib/puma/thread_pool.rb:120:in `block in spawn_thread'
Started GET "/users/sign_in" for 127.0.0.1 at 2018-05-30 15:45:04 +0300
Processing by Devise::SessionsController#new as HTML
  Rendering devise/sessions/new.html.erb within layouts/application
  Rendered devise/shared/_links.html.erb (8.7ms)
  Rendered devise/shared/_links.html.erb (1.5ms)
  Rendered devise/sessions/new.html.erb within layouts/application (35.7ms)
  Rendered layouts/_nav.html.erb (4.9ms)
  Rendered layouts/_footer.html.erb (1.9ms)
Completed 200 OK in 243ms (Views: 239.7ms | ActiveRecord: 0.0ms)


Started POST "/users/sign_in" for 127.0.0.1 at 2018-05-30 15:45:22 +0300
Processing by Devise::SessionsController#create as HTML
  Parameters: {"utf8"=>"✓", "authenticity_token"=>"ZbySKMy5Wj12YJlFXwBYoskPI8VlSUEjjR6zwDlh5exPmitmPPIB8W1DheWIkNKG1RsaiP4VX/kkNwpfdNfxsg==", "user"=>{"email"=>"itokianarajoelison@gmail.com", "password"=>"[FILTERED]", "remember_me"=>"0"}}
  [1m[36mUser Load (8.6ms)[0m  [1m[34mSELECT  "users".* FROM "users" WHERE "users"."email" = $1 ORDER BY "users"."id" ASC LIMIT $2[0m  [["email", "itokianarajoelison@gmail.com"], ["LIMIT", 1]]
  ↳ /home/itokiana/.rbenv/versions/2.5.0/lib/ruby/gems/2.5.0/gems/activerecord-5.2.0/lib/active_record/log_subscriber.rb:98
  [1m[35m (0.6ms)[0m  [1m[35mBEGIN[0m
  ↳ /home/itokiana/.rbenv/versions/2.5.0/lib/ruby/gems/2.5.0/gems/activerecord-5.2.0/lib/active_record/log_subscriber.rb:98
  [1m[36mUser Update (9.0ms)[0m  [1m[33mUPDATE "users" SET "current_sign_in_at" = $1, "last_sign_in_at" = $2, "sign_in_count" = $3, "updated_at" = $4 WHERE "users"."id" = $5[0m  [["current_sign_in_at", "2018-05-30 12:45:23.103152"], ["last_sign_in_at", "2018-05-30 10:44:21.683962"], ["sign_in_count", 6], ["updated_at", "2018-05-30 12:45:23.108741"], ["id", 1]]
  ↳ /home/itokiana/.rbenv/versions/2.5.0/lib/ruby/gems/2.5.0/gems/activerecord-5.2.0/lib/active_record/log_subscriber.rb:98
  [1m[35m (5.8ms)[0m  [1m[35mCOMMIT[0m
  ↳ /home/itokiana/.rbenv/versions/2.5.0/lib/ruby/gems/2.5.0/gems/activerecord-5.2.0/lib/active_record/log_subscriber.rb:98
Redirected to http://localhost:3000/
Completed 302 Found in 456ms (ActiveRecord: 24.0ms)


Started GET "/" for 127.0.0.1 at 2018-05-30 15:45:23 +0300
Processing by HomeController#index as HTML
  [1m[36mUser Load (5.7ms)[0m  [1m[34mSELECT  "users".* FROM "users" WHERE "users"."id" = $1 ORDER BY "users"."id" ASC LIMIT $2[0m  [["id", 1], ["LIMIT", 1]]
  ↳ app/controllers/home_controller.rb:4
  [1m[36mCart Load (27.7ms)[0m  [1m[34mSELECT  "carts".* FROM "carts" WHERE "carts"."user_id" = $1 LIMIT $2[0m  [["user_id", 1], ["LIMIT", 1]]
  ↳ app/controllers/home_controller.rb:5
  [1m[36mAssociateItemCart Load (5.9ms)[0m  [1m[34mSELECT "associate_item_carts".* FROM "associate_item_carts" WHERE "associate_item_carts"."cart_id" = $1[0m  [["cart_id", 1]]
  ↳ app/controllers/home_controller.rb:9
  [1m[36mItem Load (0.9ms)[0m  [1m[34mSELECT  "items".* FROM "items" WHERE "items"."id" = $1 LIMIT $2[0m  [["id", 9], ["LIMIT", 1]]
  ↳ app/controllers/home_controller.rb:10
  [1m[36mItem Load (1.3ms)[0m  [1m[34mSELECT  "items".* FROM "items" WHERE "items"."id" = $1 LIMIT $2[0m  [["id", 2], ["LIMIT", 1]]
  ↳ app/controllers/home_controller.rb:10
  Rendering home/index.html.erb within layouts/application
  [1m[36mItem Load (6.5ms)[0m  [1m[34mSELECT "items".* FROM "items"[0m
  ↳ app/views/home/index.html.erb:306
  Rendered home/index.html.erb within layouts/application (143.3ms)
  Rendered layouts/_nav.html.erb (4.6ms)
  Rendered layouts/_footer.html.erb (1.6ms)
Completed 200 OK in 561ms (Views: 305.1ms | ActiveRecord: 120.6ms)


Started GET "/" for 127.0.0.1 at 2018-05-30 15:46:11 +0300
Processing by HomeController#index as HTML
  [1m[36mUser Load (3.9ms)[0m  [1m[34mSELECT  "users".* FROM "users" WHERE "users"."id" = $1 ORDER BY "users"."id" ASC LIMIT $2[0m  [["id", 1], ["LIMIT", 1]]
  ↳ app/controllers/home_controller.rb:4
  [1m[36mCart Load (1.2ms)[0m  [1m[34mSELECT  "carts".* FROM "carts" WHERE "carts"."user_id" = $1 LIMIT $2[0m  [["user_id", 1], ["LIMIT", 1]]
  ↳ app/controllers/home_controller.rb:5
  [1m[36mAssociateItemCart Load (1.8ms)[0m  [1m[34mSELECT "associate_item_carts".* FROM "associate_item_carts" WHERE "associate_item_carts"."cart_id" = $1[0m  [["cart_id", 1]]
  ↳ app/controllers/home_controller.rb:9
  [1m[36mItem Load (2.7ms)[0m  [1m[34mSELECT  "items".* FROM "items" WHERE "items"."id" = $1 LIMIT $2[0m  [["id", 9], ["LIMIT", 1]]
  ↳ app/controllers/home_controller.rb:10
  [1m[36mItem Load (0.9ms)[0m  [1m[34mSELECT  "items".* FROM "items" WHERE "items"."id" = $1 LIMIT $2[0m  [["id", 2], ["LIMIT", 1]]
  ↳ app/controllers/home_controller.rb:10
  Rendering home/index.html.erb within layouts/application
  [1m[36mItem Load (1.4ms)[0m  [1m[34mSELECT "items".* FROM "items"[0m
  ↳ app/views/home/index.html.erb:306
  Rendered home/index.html.erb within layouts/application (81.7ms)
  Rendered layouts/_nav.html.erb (4.2ms)
  Rendered layouts/_footer.html.erb (1.4ms)
Completed 200 OK in 474ms (Views: 207.7ms | ActiveRecord: 93.0ms)


Started GET "/vendor/bootstrap/js/popper.js.map" for 127.0.0.1 at 2018-05-30 15:46:18 +0300
  
ActionController::RoutingError (No route matches [GET] "/vendor/bootstrap/js/popper.js.map"):
  
actionpack (5.2.0) lib/action_dispatch/middleware/debug_exceptions.rb:65:in `call'
web-console (3.6.2) lib/web_console/middleware.rb:135:in `call_app'
web-console (3.6.2) lib/web_console/middleware.rb:30:in `block in call'
web-console (3.6.2) lib/web_console/middleware.rb:20:in `catch'
web-console (3.6.2) lib/web_console/middleware.rb:20:in `call'
actionpack (5.2.0) lib/action_dispatch/middleware/show_exceptions.rb:33:in `call'
railties (5.2.0) lib/rails/rack/logger.rb:38:in `call_app'
railties (5.2.0) lib/rails/rack/logger.rb:26:in `block in call'
activesupport (5.2.0) lib/active_support/tagged_logging.rb:71:in `block in tagged'
activesupport (5.2.0) lib/active_support/tagged_logging.rb:28:in `tagged'
activesupport (5.2.0) lib/active_support/tagged_logging.rb:71:in `tagged'
railties (5.2.0) lib/rails/rack/logger.rb:26:in `call'
sprockets-rails (3.2.1) lib/sprockets/rails/quiet_assets.rb:13:in `call'
actionpack (5.2.0) lib/action_dispatch/middleware/remote_ip.rb:81:in `call'
actionpack (5.2.0) lib/action_dispatch/middleware/request_id.rb:27:in `call'
rack (2.0.5) lib/rack/method_override.rb:22:in `call'
rack (2.0.5) lib/rack/runtime.rb:22:in `call'
activesupport (5.2.0) lib/active_support/cache/strategy/local_cache_middleware.rb:29:in `call'
actionpack (5.2.0) lib/action_dispatch/middleware/executor.rb:14:in `call'
actionpack (5.2.0) lib/action_dispatch/middleware/static.rb:127:in `call'
rack (2.0.5) lib/rack/sendfile.rb:111:in `call'
railties (5.2.0) lib/rails/engine.rb:524:in `call'
puma (3.11.4) lib/puma/configuration.rb:225:in `call'
puma (3.11.4) lib/puma/server.rb:632:in `handle_request'
puma (3.11.4) lib/puma/server.rb:446:in `process_client'
puma (3.11.4) lib/puma/server.rb:306:in `block in run'
puma (3.11.4) lib/puma/thread_pool.rb:120:in `block in spawn_thread'
Started GET "/" for 127.0.0.1 at 2018-05-30 15:46:27 +0300
Processing by HomeController#index as HTML
  Rendering home/index.html.erb within layouts/application
  [1m[36mItem Load (4.3ms)[0m  [1m[34mSELECT "items".* FROM "items"[0m
  ↳ app/views/home/index.html.erb:306
  Rendered home/index.html.erb within layouts/application (98.1ms)
  Rendered layouts/_nav.html.erb (6.4ms)
  Rendered layouts/_footer.html.erb (1.9ms)
Completed 200 OK in 238ms (Views: 227.1ms | ActiveRecord: 4.3ms)


Started GET "/vendor/bootstrap/js/popper.js.map" for 127.0.0.1 at 2018-05-30 15:46:29 +0300
  
ActionController::RoutingError (No route matches [GET] "/vendor/bootstrap/js/popper.js.map"):
  
actionpack (5.2.0) lib/action_dispatch/middleware/debug_exceptions.rb:65:in `call'
web-console (3.6.2) lib/web_console/middleware.rb:135:in `call_app'
web-console (3.6.2) lib/web_console/middleware.rb:30:in `block in call'
web-console (3.6.2) lib/web_console/middleware.rb:20:in `catch'
web-console (3.6.2) lib/web_console/middleware.rb:20:in `call'
actionpack (5.2.0) lib/action_dispatch/middleware/show_exceptions.rb:33:in `call'
railties (5.2.0) lib/rails/rack/logger.rb:38:in `call_app'
railties (5.2.0) lib/rails/rack/logger.rb:26:in `block in call'
activesupport (5.2.0) lib/active_support/tagged_logging.rb:71:in `block in tagged'
activesupport (5.2.0) lib/active_support/tagged_logging.rb:28:in `tagged'
activesupport (5.2.0) lib/active_support/tagged_logging.rb:71:in `tagged'
railties (5.2.0) lib/rails/rack/logger.rb:26:in `call'
sprockets-rails (3.2.1) lib/sprockets/rails/quiet_assets.rb:13:in `call'
actionpack (5.2.0) lib/action_dispatch/middleware/remote_ip.rb:81:in `call'
actionpack (5.2.0) lib/action_dispatch/middleware/request_id.rb:27:in `call'
rack (2.0.5) lib/rack/method_override.rb:22:in `call'
rack (2.0.5) lib/rack/runtime.rb:22:in `call'
activesupport (5.2.0) lib/active_support/cache/strategy/local_cache_middleware.rb:29:in `call'
actionpack (5.2.0) lib/action_dispatch/middleware/executor.rb:14:in `call'
actionpack (5.2.0) lib/action_dispatch/middleware/static.rb:127:in `call'
rack (2.0.5) lib/rack/sendfile.rb:111:in `call'
railties (5.2.0) lib/rails/engine.rb:524:in `call'
puma (3.11.4) lib/puma/configuration.rb:225:in `call'
puma (3.11.4) lib/puma/server.rb:632:in `handle_request'
puma (3.11.4) lib/puma/server.rb:446:in `process_client'
puma (3.11.4) lib/puma/server.rb:306:in `block in run'
puma (3.11.4) lib/puma/thread_pool.rb:120:in `block in spawn_thread'
Started GET "/items/3" for 127.0.0.1 at 2018-05-30 15:46:37 +0300
Processing by HomeController#show as HTML
  Parameters: {"id"=>"3"}
  [1m[36mItem Load (1.2ms)[0m  [1m[34mSELECT  "items".* FROM "items" WHERE "items"."id" = $1 LIMIT $2[0m  [["id", 3], ["LIMIT", 1]]
  ↳ app/controllers/home_controller.rb:22
  Rendering home/show.html.erb within layouts/application
  Rendered home/show.html.erb within layouts/application (16.9ms)
  Rendered layouts/_nav.html.erb (4.5ms)
  Rendered layouts/_footer.html.erb (1.9ms)
Completed 200 OK in 150ms (Views: 141.7ms | ActiveRecord: 1.2ms)


Started GET "/users/sign_in" for 127.0.0.1 at 2018-05-30 15:46:40 +0300
Processing by Devise::SessionsController#new as HTML
  Rendering devise/sessions/new.html.erb within layouts/application
  Rendered devise/shared/_links.html.erb (5.6ms)
  Rendered devise/shared/_links.html.erb (0.9ms)
  Rendered devise/sessions/new.html.erb within layouts/application (33.0ms)
  Rendered layouts/_nav.html.erb (4.9ms)
  Rendered layouts/_footer.html.erb (2.0ms)
Completed 200 OK in 167ms (Views: 162.5ms | ActiveRecord: 0.0ms)


Started GET "/users/sign_up" for 127.0.0.1 at 2018-05-30 15:46:45 +0300
Processing by Devise::RegistrationsController#new as HTML
  Rendering devise/registrations/new.html.erb within layouts/application
  Rendered devise/shared/_links.html.erb (3.1ms)
  Rendered devise/registrations/new.html.erb within layouts/application (19.7ms)
  Rendered layouts/_nav.html.erb (3.7ms)
  Rendered layouts/_footer.html.erb (1.3ms)
Completed 200 OK in 131ms (Views: 127.7ms | ActiveRecord: 0.0ms)


Started GET "/users/sign_up" for 127.0.0.1 at 2018-05-30 15:46:49 +0300
Processing by Devise::RegistrationsController#new as HTML
  Rendering devise/registrations/new.html.erb within layouts/application
  Rendered devise/shared/_links.html.erb (4.5ms)
  Rendered devise/registrations/new.html.erb within layouts/application (40.9ms)
  Rendered layouts/_nav.html.erb (4.5ms)
  Rendered layouts/_footer.html.erb (3.1ms)
Completed 200 OK in 226ms (Views: 218.7ms | ActiveRecord: 0.0ms)


Started POST "/users" for 127.0.0.1 at 2018-05-30 15:47:11 +0300
Processing by Devise::RegistrationsController#create as HTML
  Parameters: {"utf8"=>"✓", "authenticity_token"=>"bXTMaAjkrQBnI0n/faXTohXURhBOQMFEdZx+EnOQRSh/BD4Cu9L1ufrm/hTmApggDa0jmbXDdGCjA76ANvJJlQ==", "user"=>{"email"=>"ovyriana@gmail.com", "password"=>"[FILTERED]", "password_confirmation"=>"[FILTERED]"}}
  [1m[35m (0.4ms)[0m  [1m[35mBEGIN[0m
  ↳ /home/itokiana/.rbenv/versions/2.5.0/lib/ruby/gems/2.5.0/gems/activerecord-5.2.0/lib/active_record/log_subscriber.rb:98
  [1m[36mUser Exists (2.1ms)[0m  [1m[34mSELECT  1 AS one FROM "users" WHERE "users"."email" = $1 LIMIT $2[0m  [["email", "ovyriana@gmail.com"], ["LIMIT", 1]]
  ↳ /home/itokiana/.rbenv/versions/2.5.0/lib/ruby/gems/2.5.0/gems/activerecord-5.2.0/lib/active_record/log_subscriber.rb:98
  [1m[36mUser Create (9.9ms)[0m  [1m[32mINSERT INTO "users" ("email", "encrypted_password", "created_at", "updated_at") VALUES ($1, $2, $3, $4) RETURNING "id"[0m  [["email", "ovyriana@gmail.com"], ["encrypted_password", "$2a$11$i792nJYZR8acAQRrxZ/.1uY8KgTKkpb9r/OT7VGnamUqxEEg3i0cS"], ["created_at", "2018-05-30 12:47:11.515262"], ["updated_at", "2018-05-30 12:47:11.515262"]]
  ↳ /home/itokiana/.rbenv/versions/2.5.0/lib/ruby/gems/2.5.0/gems/activerecord-5.2.0/lib/active_record/log_subscriber.rb:98
  [1m[35m (2.3ms)[0m  [1m[35mCOMMIT[0m
  ↳ /home/itokiana/.rbenv/versions/2.5.0/lib/ruby/gems/2.5.0/gems/activerecord-5.2.0/lib/active_record/log_subscriber.rb:98
  [1m[35m (0.8ms)[0m  [1m[35mBEGIN[0m
  ↳ /home/itokiana/.rbenv/versions/2.5.0/lib/ruby/gems/2.5.0/gems/activerecord-5.2.0/lib/active_record/log_subscriber.rb:98
  [1m[36mUser Update (2.1ms)[0m  [1m[33mUPDATE "users" SET "sign_in_count" = $1, "current_sign_in_at" = $2, "last_sign_in_at" = $3, "current_sign_in_ip" = $4, "last_sign_in_ip" = $5, "updated_at" = $6 WHERE "users"."id" = $7[0m  [["sign_in_count", 1], ["current_sign_in_at", "2018-05-30 12:47:11.538511"], ["last_sign_in_at", "2018-05-30 12:47:11.538511"], ["current_sign_in_ip", "127.0.0.1/32"], ["last_sign_in_ip", "127.0.0.1/32"], ["updated_at", "2018-05-30 12:47:11.543700"], ["id", 2]]
  ↳ /home/itokiana/.rbenv/versions/2.5.0/lib/ruby/gems/2.5.0/gems/activerecord-5.2.0/lib/active_record/log_subscriber.rb:98
  [1m[35m (1.7ms)[0m  [1m[35mCOMMIT[0m
  ↳ /home/itokiana/.rbenv/versions/2.5.0/lib/ruby/gems/2.5.0/gems/activerecord-5.2.0/lib/active_record/log_subscriber.rb:98
Redirected to http://localhost:3000/
Completed 302 Found in 365ms (ActiveRecord: 19.4ms)


Started GET "/" for 127.0.0.1 at 2018-05-30 15:47:11 +0300
Processing by HomeController#index as HTML
  [1m[36mUser Load (3.1ms)[0m  [1m[34mSELECT  "users".* FROM "users" WHERE "users"."id" = $1 ORDER BY "users"."id" ASC LIMIT $2[0m  [["id", 2], ["LIMIT", 1]]
  ↳ app/controllers/home_controller.rb:4
  [1m[36mCart Load (1.4ms)[0m  [1m[34mSELECT  "carts".* FROM "carts" WHERE "carts"."user_id" = $1 LIMIT $2[0m  [["user_id", 2], ["LIMIT", 1]]
  ↳ app/controllers/home_controller.rb:5
Completed 500 Internal Server Error in 33ms (ActiveRecord: 4.5ms)


  
NoMethodError (undefined method `user=' for #<Cart id: nil, user_id: nil, created_at: nil, updated_at: nil>
Did you mean?  user_id=):
  
app/controllers/home_controller.rb:14:in `index'
Started GET "/" for 127.0.0.1 at 2018-05-30 15:54:59 +0300
Processing by HomeController#index as HTML
  [1m[36mUser Load (3.5ms)[0m  [1m[34mSELECT  "users".* FROM "users" WHERE "users"."id" = $1 ORDER BY "users"."id" ASC LIMIT $2[0m  [["id", 2], ["LIMIT", 1]]
  ↳ app/controllers/home_controller.rb:4
  [1m[36mCart Load (1.3ms)[0m  [1m[34mSELECT  "carts".* FROM "carts" WHERE "carts"."user_id" = $1 LIMIT $2[0m  [["user_id", 2], ["LIMIT", 1]]
  ↳ app/controllers/home_controller.rb:5
  [1m[36mAssociateItemCart Load (2.9ms)[0m  [1m[34mSELECT "associate_item_carts".* FROM "associate_item_carts" WHERE "associate_item_carts"."cart_id" = $1[0m  [["cart_id", 2]]
  ↳ app/controllers/home_controller.rb:9
  Rendering home/index.html.erb within layouts/application
  [1m[36mItem Load (2.3ms)[0m  [1m[34mSELECT "items".* FROM "items"[0m
  ↳ app/views/home/index.html.erb:306
  Rendered home/index.html.erb within layouts/application (130.6ms)
  Rendered layouts/_nav.html.erb (3.6ms)
  Rendered layouts/_footer.html.erb (2.0ms)
Completed 200 OK in 547ms (Views: 333.6ms | ActiveRecord: 66.9ms)


Started GET "/items/10" for 127.0.0.1 at 2018-05-30 15:55:35 +0300
Processing by HomeController#show as HTML
  Parameters: {"id"=>"10"}
  [1m[36mItem Load (2.8ms)[0m  [1m[34mSELECT  "items".* FROM "items" WHERE "items"."id" = $1 LIMIT $2[0m  [["id", 10], ["LIMIT", 1]]
  ↳ app/controllers/home_controller.rb:22
  [1m[36mUser Load (3.0ms)[0m  [1m[34mSELECT  "users".* FROM "users" WHERE "users"."id" = $1 ORDER BY "users"."id" ASC LIMIT $2[0m  [["id", 2], ["LIMIT", 1]]
  ↳ app/controllers/home_controller.rb:23
  [1m[36mCart Load (2.3ms)[0m  [1m[34mSELECT  "carts".* FROM "carts" WHERE "carts"."user_id" = $1 LIMIT $2[0m  [["user_id", 2], ["LIMIT", 1]]
  ↳ app/controllers/home_controller.rb:24
  [1m[36mAssociateItemCart Load (2.6ms)[0m  [1m[34mSELECT "associate_item_carts".* FROM "associate_item_carts" WHERE "associate_item_carts"."cart_id" = $1[0m  [["cart_id", 2]]
  ↳ app/controllers/home_controller.rb:27
  Rendering home/show.html.erb within layouts/application
  Rendered home/show.html.erb within layouts/application (15.4ms)
  Rendered layouts/_nav.html.erb (4.6ms)
  Rendered layouts/_footer.html.erb (1.6ms)
Completed 200 OK in 239ms (Views: 204.4ms | ActiveRecord: 11.4ms)


Started GET "/carts/10/create" for 127.0.0.1 at 2018-05-30 15:55:39 +0300
Processing by CartController#create as HTML
  Parameters: {"id"=>"10"}
  [1m[36mUser Load (1.4ms)[0m  [1m[34mSELECT  "users".* FROM "users" WHERE "users"."id" = $1 ORDER BY "users"."id" ASC LIMIT $2[0m  [["id", 2], ["LIMIT", 1]]
  ↳ app/controllers/cart_controller.rb:3
  [1m[36mItem Load (0.9ms)[0m  [1m[34mSELECT  "items".* FROM "items" WHERE "items"."id" = $1 LIMIT $2[0m  [["id", 10], ["LIMIT", 1]]
  ↳ app/controllers/cart_controller.rb:4
  [1m[36mCart Load (0.8ms)[0m  [1m[34mSELECT  "carts".* FROM "carts" WHERE "carts"."user_id" = $1 LIMIT $2[0m  [["user_id", 2], ["LIMIT", 1]]
  ↳ app/controllers/cart_controller.rb:6
  [1m[36mAssociateItemCart Load (0.7ms)[0m  [1m[34mSELECT  "associate_item_carts".* FROM "associate_item_carts" WHERE "associate_item_carts"."item_id" = $1 LIMIT $2[0m  [["item_id", 10], ["LIMIT", 1]]
  ↳ app/controllers/cart_controller.rb:7
  [1m[35m (0.9ms)[0m  [1m[35mBEGIN[0m
  ↳ app/controllers/cart_controller.rb:15
  [1m[36mAssociateItemCart Create (8.9ms)[0m  [1m[32mINSERT INTO "associate_item_carts" ("item_id", "cart_id", "created_at", "updated_at") VALUES ($1, $2, $3, $4) RETURNING "id"[0m  [["item_id", 10], ["cart_id", 2], ["created_at", "2018-05-30 12:55:39.535540"], ["updated_at", "2018-05-30 12:55:39.535540"]]
  ↳ app/controllers/cart_controller.rb:15
  [1m[35m (2.2ms)[0m  [1m[35mCOMMIT[0m
  ↳ app/controllers/cart_controller.rb:15
Completed 500 Internal Server Error in 511ms (ActiveRecord: 28.0ms)


  
NoMethodError (undefined method `redirect' for #<CartController:0x00007f8ec83578a8>
Did you mean?  redirect_to):
  
app/controllers/cart_controller.rb:19:in `create'
Started GET "/carts/10/create" for 127.0.0.1 at 2018-05-30 15:56:39 +0300
Processing by CartController#create as HTML
  Parameters: {"id"=>"10"}
  [1m[36mUser Load (2.6ms)[0m  [1m[34mSELECT  "users".* FROM "users" WHERE "users"."id" = $1 ORDER BY "users"."id" ASC LIMIT $2[0m  [["id", 2], ["LIMIT", 1]]
  ↳ app/controllers/cart_controller.rb:3
  [1m[36mItem Load (1.8ms)[0m  [1m[34mSELECT  "items".* FROM "items" WHERE "items"."id" = $1 LIMIT $2[0m  [["id", 10], ["LIMIT", 1]]
  ↳ app/controllers/cart_controller.rb:4
  [1m[36mCart Load (1.5ms)[0m  [1m[34mSELECT  "carts".* FROM "carts" WHERE "carts"."user_id" = $1 LIMIT $2[0m  [["user_id", 2], ["LIMIT", 1]]
  ↳ app/controllers/cart_controller.rb:6
  [1m[36mAssociateItemCart Load (1.6ms)[0m  [1m[34mSELECT  "associate_item_carts".* FROM "associate_item_carts" WHERE "associate_item_carts"."item_id" = $1 LIMIT $2[0m  [["item_id", 10], ["LIMIT", 1]]
  ↳ app/controllers/cart_controller.rb:7
Redirected to http://localhost:3000/items/10
Completed 302 Found in 316ms (ActiveRecord: 65.9ms)


Started GET "/items/10" for 127.0.0.1 at 2018-05-30 15:56:40 +0300
Processing by HomeController#show as HTML
  Parameters: {"id"=>"10"}
  [1m[36mItem Load (1.6ms)[0m  [1m[34mSELECT  "items".* FROM "items" WHERE "items"."id" = $1 LIMIT $2[0m  [["id", 10], ["LIMIT", 1]]
  ↳ app/controllers/home_controller.rb:22
  [1m[36mUser Load (2.1ms)[0m  [1m[34mSELECT  "users".* FROM "users" WHERE "users"."id" = $1 ORDER BY "users"."id" ASC LIMIT $2[0m  [["id", 2], ["LIMIT", 1]]
  ↳ app/controllers/home_controller.rb:23
  [1m[36mCart Load (1.8ms)[0m  [1m[34mSELECT  "carts".* FROM "carts" WHERE "carts"."user_id" = $1 LIMIT $2[0m  [["user_id", 2], ["LIMIT", 1]]
  ↳ app/controllers/home_controller.rb:24
  [1m[36mAssociateItemCart Load (3.1ms)[0m  [1m[34mSELECT "associate_item_carts".* FROM "associate_item_carts" WHERE "associate_item_carts"."cart_id" = $1[0m  [["cart_id", 2]]
  ↳ app/controllers/home_controller.rb:27
  [1m[36mItem Load (1.7ms)[0m  [1m[34mSELECT  "items".* FROM "items" WHERE "items"."id" = $1 LIMIT $2[0m  [["id", 10], ["LIMIT", 1]]
  ↳ app/controllers/home_controller.rb:28
  Rendering home/show.html.erb within layouts/application
  Rendered home/show.html.erb within layouts/application (16.2ms)
  Rendered layouts/_nav.html.erb (3.7ms)
  Rendered layouts/_footer.html.erb (1.5ms)
Completed 200 OK in 204ms (Views: 163.8ms | ActiveRecord: 10.3ms)


Started GET "/" for 127.0.0.1 at 2018-05-30 15:56:52 +0300
Processing by HomeController#index as HTML
  [1m[36mUser Load (1.3ms)[0m  [1m[34mSELECT  "users".* FROM "users" WHERE "users"."id" = $1 ORDER BY "users"."id" ASC LIMIT $2[0m  [["id", 2], ["LIMIT", 1]]
  ↳ app/controllers/home_controller.rb:4
  [1m[36mCart Load (0.9ms)[0m  [1m[34mSELECT  "carts".* FROM "carts" WHERE "carts"."user_id" = $1 LIMIT $2[0m  [["user_id", 2], ["LIMIT", 1]]
  ↳ app/controllers/home_controller.rb:5
  [1m[36mAssociateItemCart Load (1.1ms)[0m  [1m[34mSELECT "associate_item_carts".* FROM "associate_item_carts" WHERE "associate_item_carts"."cart_id" = $1[0m  [["cart_id", 2]]
  ↳ app/controllers/home_controller.rb:9
  [1m[36mItem Load (1.3ms)[0m  [1m[34mSELECT  "items".* FROM "items" WHERE "items"."id" = $1 LIMIT $2[0m  [["id", 10], ["LIMIT", 1]]
  ↳ app/controllers/home_controller.rb:10
  Rendering home/index.html.erb within layouts/application
  [1m[36mItem Load (1.2ms)[0m  [1m[34mSELECT "items".* FROM "items"[0m
  ↳ app/views/home/index.html.erb:306
  Rendered home/index.html.erb within layouts/application (90.1ms)
  Rendered layouts/_nav.html.erb (3.7ms)
  Rendered layouts/_footer.html.erb (1.4ms)
Completed 200 OK in 266ms (Views: 245.0ms | ActiveRecord: 5.8ms)


Started GET "/items/5" for 127.0.0.1 at 2018-05-30 15:56:57 +0300
Processing by HomeController#show as HTML
  Parameters: {"id"=>"5"}
  [1m[36mItem Load (0.9ms)[0m  [1m[34mSELECT  "items".* FROM "items" WHERE "items"."id" = $1 LIMIT $2[0m  [["id", 5], ["LIMIT", 1]]
  ↳ app/controllers/home_controller.rb:22
  [1m[36mUser Load (4.1ms)[0m  [1m[34mSELECT  "users".* FROM "users" WHERE "users"."id" = $1 ORDER BY "users"."id" ASC LIMIT $2[0m  [["id", 2], ["LIMIT", 1]]
  ↳ app/controllers/home_controller.rb:23
  [1m[36mCart Load (5.6ms)[0m  [1m[34mSELECT  "carts".* FROM "carts" WHERE "carts"."user_id" = $1 LIMIT $2[0m  [["user_id", 2], ["LIMIT", 1]]
  ↳ app/controllers/home_controller.rb:24
  [1m[36mAssociateItemCart Load (2.1ms)[0m  [1m[34mSELECT "associate_item_carts".* FROM "associate_item_carts" WHERE "associate_item_carts"."cart_id" = $1[0m  [["cart_id", 2]]
  ↳ app/controllers/home_controller.rb:27
  [1m[36mItem Load (0.8ms)[0m  [1m[34mSELECT  "items".* FROM "items" WHERE "items"."id" = $1 LIMIT $2[0m  [["id", 10], ["LIMIT", 1]]
  ↳ app/controllers/home_controller.rb:28
  Rendering home/show.html.erb within layouts/application
  Rendered home/show.html.erb within layouts/application (24.3ms)
  Rendered layouts/_nav.html.erb (5.5ms)
  Rendered layouts/_footer.html.erb (2.2ms)
Completed 200 OK in 309ms (Views: 272.8ms | ActiveRecord: 13.5ms)


Started GET "/carts/5/create" for 127.0.0.1 at 2018-05-30 15:57:01 +0300
Processing by CartController#create as HTML
  Parameters: {"id"=>"5"}
  [1m[36mUser Load (1.3ms)[0m  [1m[34mSELECT  "users".* FROM "users" WHERE "users"."id" = $1 ORDER BY "users"."id" ASC LIMIT $2[0m  [["id", 2], ["LIMIT", 1]]
  ↳ app/controllers/cart_controller.rb:3
  [1m[36mItem Load (0.8ms)[0m  [1m[34mSELECT  "items".* FROM "items" WHERE "items"."id" = $1 LIMIT $2[0m  [["id", 5], ["LIMIT", 1]]
  ↳ app/controllers/cart_controller.rb:4
  [1m[36mCart Load (2.6ms)[0m  [1m[34mSELECT  "carts".* FROM "carts" WHERE "carts"."user_id" = $1 LIMIT $2[0m  [["user_id", 2], ["LIMIT", 1]]
  ↳ app/controllers/cart_controller.rb:6
  [1m[36mAssociateItemCart Load (3.7ms)[0m  [1m[34mSELECT  "associate_item_carts".* FROM "associate_item_carts" WHERE "associate_item_carts"."item_id" = $1 LIMIT $2[0m  [["item_id", 5], ["LIMIT", 1]]
  ↳ app/controllers/cart_controller.rb:7
  [1m[35m (0.5ms)[0m  [1m[35mBEGIN[0m
  ↳ app/controllers/cart_controller.rb:15
  [1m[36mAssociateItemCart Create (5.2ms)[0m  [1m[32mINSERT INTO "associate_item_carts" ("item_id", "cart_id", "created_at", "updated_at") VALUES ($1, $2, $3, $4) RETURNING "id"[0m  [["item_id", 5], ["cart_id", 2], ["created_at", "2018-05-30 12:57:01.157459"], ["updated_at", "2018-05-30 12:57:01.157459"]]
  ↳ app/controllers/cart_controller.rb:15
  [1m[35m (1.6ms)[0m  [1m[35mCOMMIT[0m
  ↳ app/controllers/cart_controller.rb:15
Redirected to http://localhost:3000/items/5
Completed 302 Found in 50ms (ActiveRecord: 15.7ms)


Started GET "/items/5" for 127.0.0.1 at 2018-05-30 15:57:01 +0300
Processing by HomeController#show as HTML
  Parameters: {"id"=>"5"}
  [1m[36mItem Load (1.4ms)[0m  [1m[34mSELECT  "items".* FROM "items" WHERE "items"."id" = $1 LIMIT $2[0m  [["id", 5], ["LIMIT", 1]]
  ↳ app/controllers/home_controller.rb:22
  [1m[36mUser Load (1.7ms)[0m  [1m[34mSELECT  "users".* FROM "users" WHERE "users"."id" = $1 ORDER BY "users"."id" ASC LIMIT $2[0m  [["id", 2], ["LIMIT", 1]]
  ↳ app/controllers/home_controller.rb:23
  [1m[36mCart Load (0.8ms)[0m  [1m[34mSELECT  "carts".* FROM "carts" WHERE "carts"."user_id" = $1 LIMIT $2[0m  [["user_id", 2], ["LIMIT", 1]]
  ↳ app/controllers/home_controller.rb:24
  [1m[36mAssociateItemCart Load (1.3ms)[0m  [1m[34mSELECT "associate_item_carts".* FROM "associate_item_carts" WHERE "associate_item_carts"."cart_id" = $1[0m  [["cart_id", 2]]
  ↳ app/controllers/home_controller.rb:27
  [1m[36mItem Load (1.4ms)[0m  [1m[34mSELECT  "items".* FROM "items" WHERE "items"."id" = $1 LIMIT $2[0m  [["id", 10], ["LIMIT", 1]]
  ↳ app/controllers/home_controller.rb:28
  [1m[36mItem Load (1.6ms)[0m  [1m[34mSELECT  "items".* FROM "items" WHERE "items"."id" = $1 LIMIT $2[0m  [["id", 5], ["LIMIT", 1]]
  ↳ app/controllers/home_controller.rb:28
  Rendering home/show.html.erb within layouts/application
  Rendered home/show.html.erb within layouts/application (29.2ms)
  Rendered layouts/_nav.html.erb (4.2ms)
  Rendered layouts/_footer.html.erb (1.3ms)
Completed 200 OK in 256ms (Views: 218.3ms | ActiveRecord: 8.3ms)


Started GET "/" for 127.0.0.1 at 2018-05-30 16:02:33 +0300
Processing by HomeController#index as HTML
  [1m[36mUser Load (4.8ms)[0m  [1m[34mSELECT  "users".* FROM "users" WHERE "users"."id" = $1 ORDER BY "users"."id" ASC LIMIT $2[0m  [["id", 2], ["LIMIT", 1]]
  ↳ app/controllers/home_controller.rb:4
  [1m[36mCart Load (1.4ms)[0m  [1m[34mSELECT  "carts".* FROM "carts" WHERE "carts"."user_id" = $1 LIMIT $2[0m  [["user_id", 2], ["LIMIT", 1]]
  ↳ app/controllers/home_controller.rb:5
  [1m[36mAssociateItemCart Load (3.0ms)[0m  [1m[34mSELECT "associate_item_carts".* FROM "associate_item_carts" WHERE "associate_item_carts"."cart_id" = $1[0m  [["cart_id", 2]]
  ↳ app/controllers/home_controller.rb:9
  [1m[36mItem Load (1.4ms)[0m  [1m[34mSELECT  "items".* FROM "items" WHERE "items"."id" = $1 LIMIT $2[0m  [["id", 10], ["LIMIT", 1]]
  ↳ app/controllers/home_controller.rb:10
  [1m[36mItem Load (1.0ms)[0m  [1m[34mSELECT  "items".* FROM "items" WHERE "items"."id" = $1 LIMIT $2[0m  [["id", 5], ["LIMIT", 1]]
  ↳ app/controllers/home_controller.rb:10
  Rendering home/index.html.erb within layouts/application
  [1m[36mItem Load (1.2ms)[0m  [1m[34mSELECT "items".* FROM "items"[0m
  ↳ app/views/home/index.html.erb:306
  Rendered home/index.html.erb within layouts/application (169.2ms)
  Rendered layouts/_nav.html.erb (4.1ms)
  Rendered layouts/_footer.html.erb (1.3ms)
Completed 200 OK in 339ms (Views: 290.8ms | ActiveRecord: 13.6ms)


Started GET "/items/1" for 127.0.0.1 at 2018-05-30 16:02:38 +0300
Processing by HomeController#show as HTML
  Parameters: {"id"=>"1"}
  [1m[36mItem Load (2.2ms)[0m  [1m[34mSELECT  "items".* FROM "items" WHERE "items"."id" = $1 LIMIT $2[0m  [["id", 1], ["LIMIT", 1]]
  ↳ app/controllers/home_controller.rb:22
  [1m[36mUser Load (3.0ms)[0m  [1m[34mSELECT  "users".* FROM "users" WHERE "users"."id" = $1 ORDER BY "users"."id" ASC LIMIT $2[0m  [["id", 2], ["LIMIT", 1]]
  ↳ app/controllers/home_controller.rb:23
  [1m[36mCart Load (1.3ms)[0m  [1m[34mSELECT  "carts".* FROM "carts" WHERE "carts"."user_id" = $1 LIMIT $2[0m  [["user_id", 2], ["LIMIT", 1]]
  ↳ app/controllers/home_controller.rb:24
  [1m[36mAssociateItemCart Load (2.4ms)[0m  [1m[34mSELECT "associate_item_carts".* FROM "associate_item_carts" WHERE "associate_item_carts"."cart_id" = $1[0m  [["cart_id", 2]]
  ↳ app/controllers/home_controller.rb:27
  [1m[36mItem Load (1.0ms)[0m  [1m[34mSELECT  "items".* FROM "items" WHERE "items"."id" = $1 LIMIT $2[0m  [["id", 10], ["LIMIT", 1]]
  ↳ app/controllers/home_controller.rb:28
  [1m[36mItem Load (1.3ms)[0m  [1m[34mSELECT  "items".* FROM "items" WHERE "items"."id" = $1 LIMIT $2[0m  [["id", 5], ["LIMIT", 1]]
  ↳ app/controllers/home_controller.rb:28
  Rendering home/show.html.erb within layouts/application
  Rendered home/show.html.erb within layouts/application (22.6ms)
  Rendered layouts/_nav.html.erb (3.9ms)
  Rendered layouts/_footer.html.erb (1.6ms)
Completed 200 OK in 210ms (Views: 175.6ms | ActiveRecord: 11.8ms)


Started GET "/items/1" for 127.0.0.1 at 2018-05-30 16:03:30 +0300
Processing by HomeController#show as HTML
  Parameters: {"id"=>"1"}
  [1m[36mItem Load (1.0ms)[0m  [1m[34mSELECT  "items".* FROM "items" WHERE "items"."id" = $1 LIMIT $2[0m  [["id", 1], ["LIMIT", 1]]
  ↳ app/controllers/home_controller.rb:22
  [1m[36mUser Load (1.4ms)[0m  [1m[34mSELECT  "users".* FROM "users" WHERE "users"."id" = $1 ORDER BY "users"."id" ASC LIMIT $2[0m  [["id", 2], ["LIMIT", 1]]
  ↳ app/controllers/home_controller.rb:23
  [1m[36mCart Load (1.3ms)[0m  [1m[34mSELECT  "carts".* FROM "carts" WHERE "carts"."user_id" = $1 LIMIT $2[0m  [["user_id", 2], ["LIMIT", 1]]
  ↳ app/controllers/home_controller.rb:24
  [1m[36mAssociateItemCart Load (2.0ms)[0m  [1m[34mSELECT "associate_item_carts".* FROM "associate_item_carts" WHERE "associate_item_carts"."cart_id" = $1[0m  [["cart_id", 2]]
  ↳ app/controllers/home_controller.rb:27
  [1m[36mItem Load (1.4ms)[0m  [1m[34mSELECT  "items".* FROM "items" WHERE "items"."id" = $1 LIMIT $2[0m  [["id", 10], ["LIMIT", 1]]
  ↳ app/controllers/home_controller.rb:28
  [1m[36mItem Load (1.2ms)[0m  [1m[34mSELECT  "items".* FROM "items" WHERE "items"."id" = $1 LIMIT $2[0m  [["id", 5], ["LIMIT", 1]]
  ↳ app/controllers/home_controller.rb:28
  Rendering home/show.html.erb within layouts/application
  Rendered home/show.html.erb within layouts/application (21.6ms)
  Rendered layouts/_nav.html.erb (4.4ms)
  Rendered layouts/_footer.html.erb (3.5ms)
Completed 200 OK in 216ms (Views: 176.5ms | ActiveRecord: 8.2ms)


Started GET "/items/1" for 127.0.0.1 at 2018-05-30 16:03:47 +0300
Processing by HomeController#show as HTML
  Parameters: {"id"=>"1"}
  [1m[36mItem Load (1.0ms)[0m  [1m[34mSELECT  "items".* FROM "items" WHERE "items"."id" = $1 LIMIT $2[0m  [["id", 1], ["LIMIT", 1]]
  ↳ app/controllers/home_controller.rb:22
  [1m[36mUser Load (1.7ms)[0m  [1m[34mSELECT  "users".* FROM "users" WHERE "users"."id" = $1 ORDER BY "users"."id" ASC LIMIT $2[0m  [["id", 2], ["LIMIT", 1]]
  ↳ app/controllers/home_controller.rb:23
  [1m[36mCart Load (1.0ms)[0m  [1m[34mSELECT  "carts".* FROM "carts" WHERE "carts"."user_id" = $1 LIMIT $2[0m  [["user_id", 2], ["LIMIT", 1]]
  ↳ app/controllers/home_controller.rb:24
  [1m[36mAssociateItemCart Load (1.4ms)[0m  [1m[34mSELECT "associate_item_carts".* FROM "associate_item_carts" WHERE "associate_item_carts"."cart_id" = $1[0m  [["cart_id", 2]]
  ↳ app/controllers/home_controller.rb:27
  [1m[36mItem Load (1.4ms)[0m  [1m[34mSELECT  "items".* FROM "items" WHERE "items"."id" = $1 LIMIT $2[0m  [["id", 10], ["LIMIT", 1]]
  ↳ app/controllers/home_controller.rb:28
  [1m[36mItem Load (1.7ms)[0m  [1m[34mSELECT  "items".* FROM "items" WHERE "items"."id" = $1 LIMIT $2[0m  [["id", 5], ["LIMIT", 1]]
  ↳ app/controllers/home_controller.rb:28
  Rendering home/show.html.erb within layouts/application
  Rendered home/show.html.erb within layouts/application (33.8ms)
  Rendered layouts/_nav.html.erb (5.2ms)
  Rendered layouts/_footer.html.erb (1.6ms)
Completed 200 OK in 201ms (Views: 170.9ms | ActiveRecord: 8.2ms)


Started GET "/items/1" for 127.0.0.1 at 2018-05-30 16:03:55 +0300
Processing by HomeController#show as HTML
  Parameters: {"id"=>"1"}
  [1m[36mItem Load (0.8ms)[0m  [1m[34mSELECT  "items".* FROM "items" WHERE "items"."id" = $1 LIMIT $2[0m  [["id", 1], ["LIMIT", 1]]
  ↳ app/controllers/home_controller.rb:22
  [1m[36mUser Load (1.3ms)[0m  [1m[34mSELECT  "users".* FROM "users" WHERE "users"."id" = $1 ORDER BY "users"."id" ASC LIMIT $2[0m  [["id", 2], ["LIMIT", 1]]
  ↳ app/controllers/home_controller.rb:23
  [1m[36mCart Load (0.9ms)[0m  [1m[34mSELECT  "carts".* FROM "carts" WHERE "carts"."user_id" = $1 LIMIT $2[0m  [["user_id", 2], ["LIMIT", 1]]
  ↳ app/controllers/home_controller.rb:24
  [1m[36mAssociateItemCart Load (1.2ms)[0m  [1m[34mSELECT "associate_item_carts".* FROM "associate_item_carts" WHERE "associate_item_carts"."cart_id" = $1[0m  [["cart_id", 2]]
  ↳ app/controllers/home_controller.rb:27
  [1m[36mItem Load (0.7ms)[0m  [1m[34mSELECT  "items".* FROM "items" WHERE "items"."id" = $1 LIMIT $2[0m  [["id", 10], ["LIMIT", 1]]
  ↳ app/controllers/home_controller.rb:28
  [1m[36mItem Load (0.8ms)[0m  [1m[34mSELECT  "items".* FROM "items" WHERE "items"."id" = $1 LIMIT $2[0m  [["id", 5], ["LIMIT", 1]]
  ↳ app/controllers/home_controller.rb:28
  Rendering home/show.html.erb within layouts/application
  Rendered home/show.html.erb within layouts/application (22.9ms)
  Rendered layouts/_nav.html.erb (3.3ms)
  Rendered layouts/_footer.html.erb (1.7ms)
Completed 200 OK in 214ms (Views: 187.0ms | ActiveRecord: 5.8ms)


Started GET "/carts/1/create" for 127.0.0.1 at 2018-05-30 16:06:00 +0300
Processing by CartController#create as HTML
  Parameters: {"id"=>"1"}
  [1m[36mUser Load (2.6ms)[0m  [1m[34mSELECT  "users".* FROM "users" WHERE "users"."id" = $1 ORDER BY "users"."id" ASC LIMIT $2[0m  [["id", 2], ["LIMIT", 1]]
  ↳ app/controllers/cart_controller.rb:3
  [1m[36mItem Load (1.7ms)[0m  [1m[34mSELECT  "items".* FROM "items" WHERE "items"."id" = $1 LIMIT $2[0m  [["id", 1], ["LIMIT", 1]]
  ↳ app/controllers/cart_controller.rb:4
  [1m[36mCart Load (1.7ms)[0m  [1m[34mSELECT  "carts".* FROM "carts" WHERE "carts"."user_id" = $1 LIMIT $2[0m  [["user_id", 2], ["LIMIT", 1]]
  ↳ app/controllers/cart_controller.rb:6
  [1m[36mAssociateItemCart Load (1.0ms)[0m  [1m[34mSELECT  "associate_item_carts".* FROM "associate_item_carts" WHERE "associate_item_carts"."item_id" = $1 LIMIT $2[0m  [["item_id", 1], ["LIMIT", 1]]
  ↳ app/controllers/cart_controller.rb:7
  [1m[35m (1.3ms)[0m  [1m[35mBEGIN[0m
  ↳ app/controllers/cart_controller.rb:15
  [1m[36mAssociateItemCart Create (29.5ms)[0m  [1m[32mINSERT INTO "associate_item_carts" ("item_id", "cart_id", "created_at", "updated_at") VALUES ($1, $2, $3, $4) RETURNING "id"[0m  [["item_id", 1], ["cart_id", 2], ["created_at", "2018-05-30 13:06:01.267238"], ["updated_at", "2018-05-30 13:06:01.267238"]]
  ↳ app/controllers/cart_controller.rb:15
  [1m[35m (5.2ms)[0m  [1m[35mCOMMIT[0m
  ↳ app/controllers/cart_controller.rb:15
Redirected to http://localhost:3000/items/1
Completed 302 Found in 343ms (ActiveRecord: 100.7ms)


Started GET "/items/1" for 127.0.0.1 at 2018-05-30 16:06:01 +0300
Processing by HomeController#show as HTML
  Parameters: {"id"=>"1"}
  [1m[36mItem Load (5.9ms)[0m  [1m[34mSELECT  "items".* FROM "items" WHERE "items"."id" = $1 LIMIT $2[0m  [["id", 1], ["LIMIT", 1]]
  ↳ app/controllers/home_controller.rb:22
  [1m[36mUser Load (3.5ms)[0m  [1m[34mSELECT  "users".* FROM "users" WHERE "users"."id" = $1 ORDER BY "users"."id" ASC LIMIT $2[0m  [["id", 2], ["LIMIT", 1]]
  ↳ app/controllers/home_controller.rb:23
  [1m[36mCart Load (8.4ms)[0m  [1m[34mSELECT  "carts".* FROM "carts" WHERE "carts"."user_id" = $1 LIMIT $2[0m  [["user_id", 2], ["LIMIT", 1]]
  ↳ app/controllers/home_controller.rb:24
  [1m[36mAssociateItemCart Load (1.8ms)[0m  [1m[34mSELECT "associate_item_carts".* FROM "associate_item_carts" WHERE "associate_item_carts"."cart_id" = $1[0m  [["cart_id", 2]]
  ↳ app/controllers/home_controller.rb:27
  [1m[36mItem Load (2.0ms)[0m  [1m[34mSELECT  "items".* FROM "items" WHERE "items"."id" = $1 LIMIT $2[0m  [["id", 10], ["LIMIT", 1]]
  ↳ app/controllers/home_controller.rb:28
  [1m[36mItem Load (1.4ms)[0m  [1m[34mSELECT  "items".* FROM "items" WHERE "items"."id" = $1 LIMIT $2[0m  [["id", 5], ["LIMIT", 1]]
  ↳ app/controllers/home_controller.rb:28
  [1m[36mItem Load (0.7ms)[0m  [1m[34mSELECT  "items".* FROM "items" WHERE "items"."id" = $1 LIMIT $2[0m  [["id", 1], ["LIMIT", 1]]
  ↳ app/controllers/home_controller.rb:28
  Rendering home/show.html.erb within layouts/application
  Rendered home/show.html.erb within layouts/application (38.8ms)
  Rendered layouts/_nav.html.erb (4.2ms)
  Rendered layouts/_footer.html.erb (2.2ms)
Completed 200 OK in 232ms (Views: 176.5ms | ActiveRecord: 23.8ms)


Started GET "/" for 127.0.0.1 at 2018-05-30 16:06:16 +0300
Processing by HomeController#index as HTML
  [1m[36mUser Load (1.2ms)[0m  [1m[34mSELECT  "users".* FROM "users" WHERE "users"."id" = $1 ORDER BY "users"."id" ASC LIMIT $2[0m  [["id", 2], ["LIMIT", 1]]
  ↳ app/controllers/home_controller.rb:4
  [1m[36mCart Load (0.9ms)[0m  [1m[34mSELECT  "carts".* FROM "carts" WHERE "carts"."user_id" = $1 LIMIT $2[0m  [["user_id", 2], ["LIMIT", 1]]
  ↳ app/controllers/home_controller.rb:5
  [1m[36mAssociateItemCart Load (1.6ms)[0m  [1m[34mSELECT "associate_item_carts".* FROM "associate_item_carts" WHERE "associate_item_carts"."cart_id" = $1[0m  [["cart_id", 2]]
  ↳ app/controllers/home_controller.rb:9
  [1m[36mItem Load (1.0ms)[0m  [1m[34mSELECT  "items".* FROM "items" WHERE "items"."id" = $1 LIMIT $2[0m  [["id", 10], ["LIMIT", 1]]
  ↳ app/controllers/home_controller.rb:10
  [1m[36mItem Load (1.4ms)[0m  [1m[34mSELECT  "items".* FROM "items" WHERE "items"."id" = $1 LIMIT $2[0m  [["id", 5], ["LIMIT", 1]]
  ↳ app/controllers/home_controller.rb:10
  [1m[36mItem Load (0.8ms)[0m  [1m[34mSELECT  "items".* FROM "items" WHERE "items"."id" = $1 LIMIT $2[0m  [["id", 1], ["LIMIT", 1]]
  ↳ app/controllers/home_controller.rb:10
  Rendering home/index.html.erb within layouts/application
  [1m[36mItem Load (2.1ms)[0m  [1m[34mSELECT "items".* FROM "items"[0m
  ↳ app/views/home/index.html.erb:306
  Rendered home/index.html.erb within layouts/application (86.7ms)
  Rendered layouts/_nav.html.erb (3.4ms)
  Rendered layouts/_footer.html.erb (1.3ms)
Completed 200 OK in 228ms (Views: 198.4ms | ActiveRecord: 9.0ms)


Started GET "/items/3" for 127.0.0.1 at 2018-05-30 16:06:28 +0300
Processing by HomeController#show as HTML
  Parameters: {"id"=>"3"}
  [1m[36mItem Load (1.6ms)[0m  [1m[34mSELECT  "items".* FROM "items" WHERE "items"."id" = $1 LIMIT $2[0m  [["id", 3], ["LIMIT", 1]]
  ↳ app/controllers/home_controller.rb:22
  [1m[36mUser Load (2.0ms)[0m  [1m[34mSELECT  "users".* FROM "users" WHERE "users"."id" = $1 ORDER BY "users"."id" ASC LIMIT $2[0m  [["id", 2], ["LIMIT", 1]]
  ↳ app/controllers/home_controller.rb:23
  [1m[36mCart Load (1.6ms)[0m  [1m[34mSELECT  "carts".* FROM "carts" WHERE "carts"."user_id" = $1 LIMIT $2[0m  [["user_id", 2], ["LIMIT", 1]]
  ↳ app/controllers/home_controller.rb:24
  [1m[36mAssociateItemCart Load (1.6ms)[0m  [1m[34mSELECT "associate_item_carts".* FROM "associate_item_carts" WHERE "associate_item_carts"."cart_id" = $1[0m  [["cart_id", 2]]
  ↳ app/controllers/home_controller.rb:27
  [1m[36mItem Load (1.6ms)[0m  [1m[34mSELECT  "items".* FROM "items" WHERE "items"."id" = $1 LIMIT $2[0m  [["id", 10], ["LIMIT", 1]]
  ↳ app/controllers/home_controller.rb:28
  [1m[36mItem Load (1.2ms)[0m  [1m[34mSELECT  "items".* FROM "items" WHERE "items"."id" = $1 LIMIT $2[0m  [["id", 5], ["LIMIT", 1]]
  ↳ app/controllers/home_controller.rb:28
  [1m[36mItem Load (1.1ms)[0m  [1m[34mSELECT  "items".* FROM "items" WHERE "items"."id" = $1 LIMIT $2[0m  [["id", 1], ["LIMIT", 1]]
  ↳ app/controllers/home_controller.rb:28
  Rendering home/show.html.erb within layouts/application
  Rendered home/show.html.erb within layouts/application (23.1ms)
  Rendered layouts/_nav.html.erb (3.9ms)
  Rendered layouts/_footer.html.erb (1.9ms)
Completed 200 OK in 209ms (Views: 167.1ms | ActiveRecord: 10.7ms)


Started GET "/cart" for 127.0.0.1 at 2018-05-30 16:21:36 +0300
  [1m[35m (8.8ms)[0m  [1m[34mSELECT "schema_migrations"."version" FROM "schema_migrations" ORDER BY "schema_migrations"."version" ASC[0m
  ↳ /home/itokiana/.rbenv/versions/2.5.0/lib/ruby/gems/2.5.0/gems/activerecord-5.2.0/lib/active_record/log_subscriber.rb:98
Processing by HomeController#cart as HTML
  [1m[36mUser Load (5.3ms)[0m  [1m[34mSELECT  "users".* FROM "users" WHERE "users"."id" = $1 ORDER BY "users"."id" ASC LIMIT $2[0m  [["id", 2], ["LIMIT", 1]]
  ↳ app/controllers/home_controller.rb:34
  [1m[36mCart Load (1.6ms)[0m  [1m[34mSELECT  "carts".* FROM "carts" WHERE "carts"."user_id" = $1 LIMIT $2[0m  [["user_id", 2], ["LIMIT", 1]]
  ↳ app/controllers/home_controller.rb:35
  [1m[36mAssociateItemCart Load (1.8ms)[0m  [1m[34mSELECT "associate_item_carts".* FROM "associate_item_carts" WHERE "associate_item_carts"."cart_id" = $1[0m  [["cart_id", 2]]
  ↳ app/controllers/home_controller.rb:38
  [1m[36mItem Load (1.9ms)[0m  [1m[34mSELECT  "items".* FROM "items" WHERE "items"."id" = $1 LIMIT $2[0m  [["id", 10], ["LIMIT", 1]]
  ↳ app/controllers/home_controller.rb:39
  [1m[36mItem Load (1.8ms)[0m  [1m[34mSELECT  "items".* FROM "items" WHERE "items"."id" = $1 LIMIT $2[0m  [["id", 5], ["LIMIT", 1]]
  ↳ app/controllers/home_controller.rb:39
  [1m[36mItem Load (1.3ms)[0m  [1m[34mSELECT  "items".* FROM "items" WHERE "items"."id" = $1 LIMIT $2[0m  [["id", 1], ["LIMIT", 1]]
  ↳ app/controllers/home_controller.rb:39
  [1m[36mCACHE AssociateItemCart Load (0.2ms)[0m  [1m[34mSELECT "associate_item_carts".* FROM "associate_item_carts" WHERE "associate_item_carts"."cart_id" = $1[0m  [["cart_id", 2]]
  ↳ app/controllers/home_controller.rb:44
  [1m[36mCACHE Item Load (0.2ms)[0m  [1m[34mSELECT  "items".* FROM "items" WHERE "items"."id" = $1 LIMIT $2[0m  [["id", 10], ["LIMIT", 1]]
  ↳ app/controllers/home_controller.rb:45
  [1m[36mCACHE Item Load (0.1ms)[0m  [1m[34mSELECT  "items".* FROM "items" WHERE "items"."id" = $1 LIMIT $2[0m  [["id", 5], ["LIMIT", 1]]
  ↳ app/controllers/home_controller.rb:45
  [1m[36mCACHE Item Load (0.1ms)[0m  [1m[34mSELECT  "items".* FROM "items" WHERE "items"."id" = $1 LIMIT $2[0m  [["id", 1], ["LIMIT", 1]]
  ↳ app/controllers/home_controller.rb:45
  Rendering home/cart.html.erb within layouts/application
  Rendered home/cart.html.erb within layouts/application (1289.8ms)
  Rendered layouts/_nav.html.erb (3.6ms)
  Rendered layouts/_footer.html.erb (2.0ms)
Completed 200 OK in 1974ms (Views: 1601.6ms | ActiveRecord: 80.5ms)


Started GET "/charges/new" for 127.0.0.1 at 2018-05-30 16:21:41 +0300
Processing by ChargesController#new as HTML
  Rendering charges/new.html.erb within layouts/application
  Rendered charges/new.html.erb within layouts/application (6.0ms)
  [1m[36mUser Load (9.3ms)[0m  [1m[34mSELECT  "users".* FROM "users" WHERE "users"."id" = $1 ORDER BY "users"."id" ASC LIMIT $2[0m  [["id", 2], ["LIMIT", 1]]
  ↳ app/views/layouts/_nav.html.erb:81
  Rendered layouts/_nav.html.erb (59.2ms)
Completed 500 Internal Server Error in 137ms (ActiveRecord: 9.3ms)


  
ActionView::Template::Error (undefined method `each' for nil:NilClass):
    81: 						<%if user_signed_in?%>
    82: 						<div class="icon-header-item cl2 hov-cl1 trans-04 p-l-22 p-r-11 icon-header-noti js-show-cart" data-notify="<% 
    83: 							n = 0 
    84: 							@items.each do |i| 
    85: 								n += 1 
    86: 							end
    87: 							%>
  
app/views/layouts/_nav.html.erb:84:in `_app_views_layouts__nav_html_erb__4264084230778735701_69943207308040'
app/views/layouts/application.html.erb:41:in `_app_views_layouts_application_html_erb__307500429433100862_69943206984060'
Started GET "/charges/new" for 127.0.0.1 at 2018-05-30 16:23:21 +0300
Processing by ChargesController#new as HTML
  [1m[36mUser Load (4.1ms)[0m  [1m[34mSELECT  "users".* FROM "users" WHERE "users"."id" = $1 ORDER BY "users"."id" ASC LIMIT $2[0m  [["id", 2], ["LIMIT", 1]]
  ↳ app/controllers/charges_controller.rb:3
  [1m[36mCart Load (1.8ms)[0m  [1m[34mSELECT  "carts".* FROM "carts" WHERE "carts"."user_id" = $1 LIMIT $2[0m  [["user_id", 2], ["LIMIT", 1]]
  ↳ app/controllers/charges_controller.rb:4
  [1m[36mAssociateItemCart Load (2.3ms)[0m  [1m[34mSELECT "associate_item_carts".* FROM "associate_item_carts" WHERE "associate_item_carts"."cart_id" = $1[0m  [["cart_id", 2]]
  ↳ app/controllers/charges_controller.rb:8
  [1m[36mItem Load (1.8ms)[0m  [1m[34mSELECT  "items".* FROM "items" WHERE "items"."id" = $1 LIMIT $2[0m  [["id", 10], ["LIMIT", 1]]
  ↳ app/controllers/charges_controller.rb:9
  [1m[36mItem Load (1.8ms)[0m  [1m[34mSELECT  "items".* FROM "items" WHERE "items"."id" = $1 LIMIT $2[0m  [["id", 5], ["LIMIT", 1]]
  ↳ app/controllers/charges_controller.rb:9
  [1m[36mItem Load (1.6ms)[0m  [1m[34mSELECT  "items".* FROM "items" WHERE "items"."id" = $1 LIMIT $2[0m  [["id", 1], ["LIMIT", 1]]
  ↳ app/controllers/charges_controller.rb:9
  Rendering charges/new.html.erb within layouts/application
  Rendered charges/new.html.erb within layouts/application (3.3ms)
  Rendered layouts/_nav.html.erb (3.8ms)
  Rendered layouts/_footer.html.erb (1.1ms)
Completed 200 OK in 409ms (Views: 162.0ms | ActiveRecord: 59.6ms)


Started GET "/charges/images/icons/favicon.png" for 127.0.0.1 at 2018-05-30 16:23:38 +0300
  
ActionController::RoutingError (No route matches [GET] "/charges/images/icons/favicon.png"):
  
actionpack (5.2.0) lib/action_dispatch/middleware/debug_exceptions.rb:65:in `call'
web-console (3.6.2) lib/web_console/middleware.rb:135:in `call_app'
web-console (3.6.2) lib/web_console/middleware.rb:30:in `block in call'
web-console (3.6.2) lib/web_console/middleware.rb:20:in `catch'
web-console (3.6.2) lib/web_console/middleware.rb:20:in `call'
actionpack (5.2.0) lib/action_dispatch/middleware/show_exceptions.rb:33:in `call'
railties (5.2.0) lib/rails/rack/logger.rb:38:in `call_app'
railties (5.2.0) lib/rails/rack/logger.rb:26:in `block in call'
activesupport (5.2.0) lib/active_support/tagged_logging.rb:71:in `block in tagged'
activesupport (5.2.0) lib/active_support/tagged_logging.rb:28:in `tagged'
activesupport (5.2.0) lib/active_support/tagged_logging.rb:71:in `tagged'
railties (5.2.0) lib/rails/rack/logger.rb:26:in `call'
sprockets-rails (3.2.1) lib/sprockets/rails/quiet_assets.rb:13:in `call'
actionpack (5.2.0) lib/action_dispatch/middleware/remote_ip.rb:81:in `call'
actionpack (5.2.0) lib/action_dispatch/middleware/request_id.rb:27:in `call'
rack (2.0.5) lib/rack/method_override.rb:22:in `call'
rack (2.0.5) lib/rack/runtime.rb:22:in `call'
activesupport (5.2.0) lib/active_support/cache/strategy/local_cache_middleware.rb:29:in `call'
actionpack (5.2.0) lib/action_dispatch/middleware/executor.rb:14:in `call'
actionpack (5.2.0) lib/action_dispatch/middleware/static.rb:127:in `call'
rack (2.0.5) lib/rack/sendfile.rb:111:in `call'
railties (5.2.0) lib/rails/engine.rb:524:in `call'
puma (3.11.4) lib/puma/configuration.rb:225:in `call'
puma (3.11.4) lib/puma/server.rb:632:in `handle_request'
puma (3.11.4) lib/puma/server.rb:446:in `process_client'
puma (3.11.4) lib/puma/server.rb:306:in `block in run'
puma (3.11.4) lib/puma/thread_pool.rb:120:in `block in spawn_thread'
Started GET "/vendor/bootstrap/js/popper.js.map" for 127.0.0.1 at 2018-05-30 16:24:01 +0300
  
ActionController::RoutingError (No route matches [GET] "/vendor/bootstrap/js/popper.js.map"):
  
actionpack (5.2.0) lib/action_dispatch/middleware/debug_exceptions.rb:65:in `call'
web-console (3.6.2) lib/web_console/middleware.rb:135:in `call_app'
web-console (3.6.2) lib/web_console/middleware.rb:30:in `block in call'
web-console (3.6.2) lib/web_console/middleware.rb:20:in `catch'
web-console (3.6.2) lib/web_console/middleware.rb:20:in `call'
actionpack (5.2.0) lib/action_dispatch/middleware/show_exceptions.rb:33:in `call'
railties (5.2.0) lib/rails/rack/logger.rb:38:in `call_app'
railties (5.2.0) lib/rails/rack/logger.rb:26:in `block in call'
activesupport (5.2.0) lib/active_support/tagged_logging.rb:71:in `block in tagged'
activesupport (5.2.0) lib/active_support/tagged_logging.rb:28:in `tagged'
activesupport (5.2.0) lib/active_support/tagged_logging.rb:71:in `tagged'
railties (5.2.0) lib/rails/rack/logger.rb:26:in `call'
sprockets-rails (3.2.1) lib/sprockets/rails/quiet_assets.rb:13:in `call'
actionpack (5.2.0) lib/action_dispatch/middleware/remote_ip.rb:81:in `call'
actionpack (5.2.0) lib/action_dispatch/middleware/request_id.rb:27:in `call'
rack (2.0.5) lib/rack/method_override.rb:22:in `call'
rack (2.0.5) lib/rack/runtime.rb:22:in `call'
activesupport (5.2.0) lib/active_support/cache/strategy/local_cache_middleware.rb:29:in `call'
actionpack (5.2.0) lib/action_dispatch/middleware/executor.rb:14:in `call'
actionpack (5.2.0) lib/action_dispatch/middleware/static.rb:127:in `call'
rack (2.0.5) lib/rack/sendfile.rb:111:in `call'
railties (5.2.0) lib/rails/engine.rb:524:in `call'
puma (3.11.4) lib/puma/configuration.rb:225:in `call'
puma (3.11.4) lib/puma/server.rb:632:in `handle_request'
puma (3.11.4) lib/puma/server.rb:446:in `process_client'
puma (3.11.4) lib/puma/server.rb:306:in `block in run'
puma (3.11.4) lib/puma/thread_pool.rb:120:in `block in spawn_thread'
Started GET "/charges/new" for 127.0.0.1 at 2018-05-30 16:24:08 +0300
Processing by ChargesController#new as HTML
  [1m[36mUser Load (1.5ms)[0m  [1m[34mSELECT  "users".* FROM "users" WHERE "users"."id" = $1 ORDER BY "users"."id" ASC LIMIT $2[0m  [["id", 2], ["LIMIT", 1]]
  ↳ app/controllers/charges_controller.rb:3
  [1m[36mCart Load (1.8ms)[0m  [1m[34mSELECT  "carts".* FROM "carts" WHERE "carts"."user_id" = $1 LIMIT $2[0m  [["user_id", 2], ["LIMIT", 1]]
  ↳ app/controllers/charges_controller.rb:4
  [1m[36mAssociateItemCart Load (1.5ms)[0m  [1m[34mSELECT "associate_item_carts".* FROM "associate_item_carts" WHERE "associate_item_carts"."cart_id" = $1[0m  [["cart_id", 2]]
  ↳ app/controllers/charges_controller.rb:8
  [1m[36mItem Load (1.4ms)[0m  [1m[34mSELECT  "items".* FROM "items" WHERE "items"."id" = $1 LIMIT $2[0m  [["id", 10], ["LIMIT", 1]]
  ↳ app/controllers/charges_controller.rb:9
  [1m[36mItem Load (1.4ms)[0m  [1m[34mSELECT  "items".* FROM "items" WHERE "items"."id" = $1 LIMIT $2[0m  [["id", 5], ["LIMIT", 1]]
  ↳ app/controllers/charges_controller.rb:9
  [1m[36mItem Load (1.3ms)[0m  [1m[34mSELECT  "items".* FROM "items" WHERE "items"."id" = $1 LIMIT $2[0m  [["id", 1], ["LIMIT", 1]]
  ↳ app/controllers/charges_controller.rb:9
  Rendering charges/new.html.erb within layouts/application
  Rendered charges/new.html.erb within layouts/application (3.8ms)
  Rendered layouts/_nav.html.erb (3.2ms)
  Rendered layouts/_footer.html.erb (1.6ms)
Completed 200 OK in 230ms (Views: 193.8ms | ActiveRecord: 8.8ms)


Started GET "/vendor/bootstrap/js/popper.js.map" for 127.0.0.1 at 2018-05-30 16:24:11 +0300
  
ActionController::RoutingError (No route matches [GET] "/vendor/bootstrap/js/popper.js.map"):
  
actionpack (5.2.0) lib/action_dispatch/middleware/debug_exceptions.rb:65:in `call'
web-console (3.6.2) lib/web_console/middleware.rb:135:in `call_app'
web-console (3.6.2) lib/web_console/middleware.rb:30:in `block in call'
web-console (3.6.2) lib/web_console/middleware.rb:20:in `catch'
web-console (3.6.2) lib/web_console/middleware.rb:20:in `call'
actionpack (5.2.0) lib/action_dispatch/middleware/show_exceptions.rb:33:in `call'
railties (5.2.0) lib/rails/rack/logger.rb:38:in `call_app'
railties (5.2.0) lib/rails/rack/logger.rb:26:in `block in call'
activesupport (5.2.0) lib/active_support/tagged_logging.rb:71:in `block in tagged'
activesupport (5.2.0) lib/active_support/tagged_logging.rb:28:in `tagged'
activesupport (5.2.0) lib/active_support/tagged_logging.rb:71:in `tagged'
railties (5.2.0) lib/rails/rack/logger.rb:26:in `call'
sprockets-rails (3.2.1) lib/sprockets/rails/quiet_assets.rb:13:in `call'
actionpack (5.2.0) lib/action_dispatch/middleware/remote_ip.rb:81:in `call'
actionpack (5.2.0) lib/action_dispatch/middleware/request_id.rb:27:in `call'
rack (2.0.5) lib/rack/method_override.rb:22:in `call'
rack (2.0.5) lib/rack/runtime.rb:22:in `call'
activesupport (5.2.0) lib/active_support/cache/strategy/local_cache_middleware.rb:29:in `call'
actionpack (5.2.0) lib/action_dispatch/middleware/executor.rb:14:in `call'
actionpack (5.2.0) lib/action_dispatch/middleware/static.rb:127:in `call'
rack (2.0.5) lib/rack/sendfile.rb:111:in `call'
railties (5.2.0) lib/rails/engine.rb:524:in `call'
puma (3.11.4) lib/puma/configuration.rb:225:in `call'
puma (3.11.4) lib/puma/server.rb:632:in `handle_request'
puma (3.11.4) lib/puma/server.rb:446:in `process_client'
puma (3.11.4) lib/puma/server.rb:306:in `block in run'
puma (3.11.4) lib/puma/thread_pool.rb:120:in `block in spawn_thread'
Started GET "/" for 127.0.0.1 at 2018-05-30 16:28:13 +0300
Processing by HomeController#index as HTML
  [1m[36mUser Load (1.3ms)[0m  [1m[34mSELECT  "users".* FROM "users" WHERE "users"."id" = $1 ORDER BY "users"."id" ASC LIMIT $2[0m  [["id", 2], ["LIMIT", 1]]
  ↳ app/controllers/home_controller.rb:4
  [1m[36mCart Load (0.9ms)[0m  [1m[34mSELECT  "carts".* FROM "carts" WHERE "carts"."user_id" = $1 LIMIT $2[0m  [["user_id", 2], ["LIMIT", 1]]
  ↳ app/controllers/home_controller.rb:5
  [1m[36mAssociateItemCart Load (1.1ms)[0m  [1m[34mSELECT "associate_item_carts".* FROM "associate_item_carts" WHERE "associate_item_carts"."cart_id" = $1[0m  [["cart_id", 2]]
  ↳ app/controllers/home_controller.rb:9
  [1m[36mItem Load (1.3ms)[0m  [1m[34mSELECT  "items".* FROM "items" WHERE "items"."id" = $1 LIMIT $2[0m  [["id", 10], ["LIMIT", 1]]
  ↳ app/controllers/home_controller.rb:10
  [1m[36mItem Load (1.2ms)[0m  [1m[34mSELECT  "items".* FROM "items" WHERE "items"."id" = $1 LIMIT $2[0m  [["id", 5], ["LIMIT", 1]]
  ↳ app/controllers/home_controller.rb:10
  [1m[36mItem Load (0.7ms)[0m  [1m[34mSELECT  "items".* FROM "items" WHERE "items"."id" = $1 LIMIT $2[0m  [["id", 1], ["LIMIT", 1]]
  ↳ app/controllers/home_controller.rb:10
  Rendering home/index.html.erb within layouts/application
  [1m[36mItem Load (4.9ms)[0m  [1m[34mSELECT "items".* FROM "items"[0m
  ↳ app/views/home/index.html.erb:306
  Rendered home/index.html.erb within layouts/application (164.0ms)
  Rendered layouts/_nav.html.erb (3.4ms)
  Rendered layouts/_footer.html.erb (2.4ms)
Completed 200 OK in 394ms (Views: 338.3ms | ActiveRecord: 11.5ms)


